mode: set
bburli/redis-stream-client-go/impl/helpers.go:9.59,11.2 1 0
bburli/redis-stream-client-go/impl/helpers.go:13.54,15.2 1 0
bburli/redis-stream-client-go/impl/helpers.go:17.126,18.14 1 0
bburli/redis-stream-client-go/impl/helpers.go:18.14,20.3 1 0
bburli/redis-stream-client-go/impl/helpers.go:22.2,22.32 1 0
bburli/redis-stream-client-go/impl/helpers.go:22.32,24.3 1 0
bburli/redis-stream-client-go/impl/helpers.go:26.2,26.10 1 0
bburli/redis-stream-client-go/impl/helpers.go:29.76,30.34 1 0
bburli/redis-stream-client-go/impl/helpers.go:30.34,32.3 1 0
bburli/redis-stream-client-go/impl/helpers.go:34.2,34.8 1 0
bburli/redis-stream-client-go/impl/helpers.go:37.77,38.9 1 0
bburli/redis-stream-client-go/impl/helpers.go:39.20,41.14 2 0
bburli/redis-stream-client-go/impl/helpers.go:42.10,43.15 1 0
bburli/redis-stream-client-go/impl/init.go:17.101,21.22 2 0
bburli/redis-stream-client-go/impl/init.go:21.22,23.3 1 0
bburli/redis-stream-client-go/impl/init.go:25.2,25.12 1 0
bburli/redis-stream-client-go/impl/init.go:28.89,32.2 3 0
bburli/redis-stream-client-go/impl/init.go:34.72,42.6 4 0
bburli/redis-stream-client-go/impl/init.go:42.6,44.27 1 0
bburli/redis-stream-client-go/impl/init.go:44.27,47.4 2 0
bburli/redis-stream-client-go/impl/init.go:50.3,56.23 2 0
bburli/redis-stream-client-go/impl/init.go:56.23,57.46 1 0
bburli/redis-stream-client-go/impl/init.go:57.46,59.5 1 0
bburli/redis-stream-client-go/impl/init.go:60.4,61.10 2 0
bburli/redis-stream-client-go/impl/init.go:64.3,64.66 1 0
bburli/redis-stream-client-go/impl/init.go:64.66,67.4 2 0
bburli/redis-stream-client-go/impl/init.go:70.3,70.35 1 0
bburli/redis-stream-client-go/impl/init.go:74.129,75.33 1 0
bburli/redis-stream-client-go/impl/init.go:75.33,76.43 1 0
bburli/redis-stream-client-go/impl/init.go:76.43,79.11 2 0
bburli/redis-stream-client-go/impl/init.go:79.11,81.5 1 0
bburli/redis-stream-client-go/impl/init.go:84.4,85.74 2 0
bburli/redis-stream-client-go/impl/init.go:85.74,87.5 1 0
bburli/redis-stream-client-go/impl/init.go:89.4,89.39 1 0
bburli/redis-stream-client-go/impl/init.go:89.39,91.5 1 0
bburli/redis-stream-client-go/impl/init.go:94.4,99.53 1 0
bburli/redis-stream-client-go/impl/init.go:99.53,101.6 1 0
bburli/redis-stream-client-go/impl/init.go:103.4,103.39 1 0
bburli/redis-stream-client-go/impl/init.go:103.39,105.5 1 0
bburli/redis-stream-client-go/impl/init.go:107.4,108.18 2 0
bburli/redis-stream-client-go/impl/init.go:108.18,110.5 1 0
bburli/redis-stream-client-go/impl/init.go:112.4,123.38 4 0
bburli/redis-stream-client-go/impl/init.go:127.2,127.12 1 0
bburli/redis-stream-client-go/impl/init.go:130.98,131.6 1 0
bburli/redis-stream-client-go/impl/init.go:131.6,132.10 1 0
bburli/redis-stream-client-go/impl/init.go:133.21,135.10 2 0
bburli/redis-stream-client-go/impl/init.go:136.11,136.11 0 0
bburli/redis-stream-client-go/impl/init.go:139.3,139.43 1 0
bburli/redis-stream-client-go/impl/init.go:139.43,142.4 2 0
bburli/redis-stream-client-go/impl/init.go:144.3,144.31 1 0
bburli/redis-stream-client-go/impl/relredis.go:44.132,49.34 3 0
bburli/redis-stream-client-go/impl/relredis.go:49.34,50.38 1 0
bburli/redis-stream-client-go/impl/relredis.go:53.2,55.22 2 0
bburli/redis-stream-client-go/impl/relredis.go:55.22,57.3 1 0
bburli/redis-stream-client-go/impl/relredis.go:57.8,59.3 1 0
bburli/redis-stream-client-go/impl/relredis.go:61.2,61.21 1 0
bburli/redis-stream-client-go/impl/relredis.go:61.21,64.3 1 0
bburli/redis-stream-client-go/impl/relredis.go:66.2,74.3 1 0
bburli/redis-stream-client-go/impl/relredis.go:83.118,85.52 1 0
bburli/redis-stream-client-go/impl/relredis.go:85.52,87.3 1 0
bburli/redis-stream-client-go/impl/relredis.go:89.2,95.34 4 0
bburli/redis-stream-client-go/impl/relredis.go:99.118,113.51 6 0
bburli/redis-stream-client-go/impl/relredis.go:113.51,115.4 1 0
bburli/redis-stream-client-go/impl/relredis.go:118.2,118.37 1 0
bburli/redis-stream-client-go/impl/relredis.go:118.37,120.3 1 0
bburli/redis-stream-client-go/impl/relredis.go:122.2,123.16 2 0
bburli/redis-stream-client-go/impl/relredis.go:123.16,125.3 1 0
bburli/redis-stream-client-go/impl/relredis.go:127.2,142.22 3 0
bburli/redis-stream-client-go/impl/relredis.go:142.22,144.3 1 0
bburli/redis-stream-client-go/impl/relredis.go:146.2,146.12 1 0
bburli/redis-stream-client-go/impl/relredis.go:150.88,152.9 2 0
bburli/redis-stream-client-go/impl/relredis.go:152.9,154.3 1 0
bburli/redis-stream-client-go/impl/relredis.go:157.2,159.81 3 0
bburli/redis-stream-client-go/impl/relredis.go:159.81,161.3 1 0
bburli/redis-stream-client-go/impl/relredis.go:164.2,165.22 2 0
bburli/redis-stream-client-go/impl/relredis.go:165.22,167.3 1 0
bburli/redis-stream-client-go/impl/relredis.go:170.2,170.8 1 0
bburli/redis-stream-client-go/impl/relredis.go:170.8,172.3 1 0
bburli/redis-stream-client-go/impl/relredis.go:174.2,174.12 1 0
bburli/redis-stream-client-go/impl/relredis.go:177.45,180.16 3 0
bburli/redis-stream-client-go/impl/relredis.go:180.16,182.3 1 0
bburli/redis-stream-client-go/impl/relredis.go:184.2,184.22 1 0
bburli/redis-stream-client-go/impl/relredis.go:184.23,185.3 0 0
bburli/redis-stream-client-go/impl/helpers.go:9.59,11.2 1 1
bburli/redis-stream-client-go/impl/helpers.go:13.54,15.2 1 1
bburli/redis-stream-client-go/impl/helpers.go:17.126,18.14 1 1
bburli/redis-stream-client-go/impl/helpers.go:18.14,20.3 1 0
bburli/redis-stream-client-go/impl/helpers.go:22.2,22.32 1 1
bburli/redis-stream-client-go/impl/helpers.go:22.32,24.3 1 0
bburli/redis-stream-client-go/impl/helpers.go:26.2,26.10 1 1
bburli/redis-stream-client-go/impl/helpers.go:29.76,30.34 1 1
bburli/redis-stream-client-go/impl/helpers.go:30.34,32.3 1 1
bburli/redis-stream-client-go/impl/helpers.go:34.2,34.8 1 1
bburli/redis-stream-client-go/impl/helpers.go:37.77,38.9 1 1
bburli/redis-stream-client-go/impl/helpers.go:39.20,41.14 2 1
bburli/redis-stream-client-go/impl/helpers.go:42.10,43.15 1 1
bburli/redis-stream-client-go/impl/init.go:17.101,21.22 2 1
bburli/redis-stream-client-go/impl/init.go:21.22,23.3 1 0
bburli/redis-stream-client-go/impl/init.go:25.2,25.12 1 1
bburli/redis-stream-client-go/impl/init.go:28.89,32.2 3 1
bburli/redis-stream-client-go/impl/init.go:34.72,42.6 4 1
bburli/redis-stream-client-go/impl/init.go:42.6,44.27 1 1
bburli/redis-stream-client-go/impl/init.go:44.27,47.4 2 1
bburli/redis-stream-client-go/impl/init.go:50.3,56.23 2 1
bburli/redis-stream-client-go/impl/init.go:56.23,57.46 1 0
bburli/redis-stream-client-go/impl/init.go:57.46,59.5 1 0
bburli/redis-stream-client-go/impl/init.go:60.4,61.10 2 0
bburli/redis-stream-client-go/impl/init.go:64.3,64.66 1 1
bburli/redis-stream-client-go/impl/init.go:64.66,67.4 2 0
bburli/redis-stream-client-go/impl/init.go:70.3,70.35 1 1
bburli/redis-stream-client-go/impl/init.go:74.129,75.33 1 1
bburli/redis-stream-client-go/impl/init.go:75.33,76.43 1 1
bburli/redis-stream-client-go/impl/init.go:76.43,79.11 2 1
bburli/redis-stream-client-go/impl/init.go:79.11,81.5 1 0
bburli/redis-stream-client-go/impl/init.go:84.4,85.74 2 1
bburli/redis-stream-client-go/impl/init.go:85.74,87.5 1 0
bburli/redis-stream-client-go/impl/init.go:89.4,89.39 1 1
bburli/redis-stream-client-go/impl/init.go:89.39,91.5 1 0
bburli/redis-stream-client-go/impl/init.go:94.4,99.53 1 1
bburli/redis-stream-client-go/impl/init.go:99.53,101.6 1 1
bburli/redis-stream-client-go/impl/init.go:103.4,103.39 1 1
bburli/redis-stream-client-go/impl/init.go:103.39,105.5 1 0
bburli/redis-stream-client-go/impl/init.go:107.4,108.18 2 1
bburli/redis-stream-client-go/impl/init.go:108.18,110.5 1 0
bburli/redis-stream-client-go/impl/init.go:112.4,123.38 4 1
bburli/redis-stream-client-go/impl/init.go:127.2,127.12 1 1
bburli/redis-stream-client-go/impl/init.go:130.98,131.6 1 1
bburli/redis-stream-client-go/impl/init.go:131.6,132.10 1 1
bburli/redis-stream-client-go/impl/init.go:133.21,135.10 2 1
bburli/redis-stream-client-go/impl/init.go:136.11,136.11 0 1
bburli/redis-stream-client-go/impl/init.go:139.3,139.43 1 1
bburli/redis-stream-client-go/impl/init.go:139.43,142.4 2 0
bburli/redis-stream-client-go/impl/init.go:144.3,144.31 1 1
bburli/redis-stream-client-go/impl/relredis.go:44.132,49.34 3 1
bburli/redis-stream-client-go/impl/relredis.go:49.34,50.38 1 0
bburli/redis-stream-client-go/impl/relredis.go:53.2,55.22 2 1
bburli/redis-stream-client-go/impl/relredis.go:55.22,57.3 1 1
bburli/redis-stream-client-go/impl/relredis.go:57.8,59.3 1 0
bburli/redis-stream-client-go/impl/relredis.go:61.2,61.21 1 1
bburli/redis-stream-client-go/impl/relredis.go:61.21,64.3 1 0
bburli/redis-stream-client-go/impl/relredis.go:66.2,74.3 1 1
bburli/redis-stream-client-go/impl/relredis.go:83.118,85.52 1 1
bburli/redis-stream-client-go/impl/relredis.go:85.52,87.3 1 0
bburli/redis-stream-client-go/impl/relredis.go:89.2,95.34 4 1
bburli/redis-stream-client-go/impl/relredis.go:99.118,113.51 6 1
bburli/redis-stream-client-go/impl/relredis.go:113.51,115.4 1 1
bburli/redis-stream-client-go/impl/relredis.go:118.2,118.37 1 1
bburli/redis-stream-client-go/impl/relredis.go:118.37,120.3 1 0
bburli/redis-stream-client-go/impl/relredis.go:122.2,123.16 2 1
bburli/redis-stream-client-go/impl/relredis.go:123.16,125.3 1 0
bburli/redis-stream-client-go/impl/relredis.go:127.2,142.22 3 1
bburli/redis-stream-client-go/impl/relredis.go:142.22,144.3 1 0
bburli/redis-stream-client-go/impl/relredis.go:146.2,146.12 1 1
bburli/redis-stream-client-go/impl/relredis.go:150.88,152.9 2 1
bburli/redis-stream-client-go/impl/relredis.go:152.9,154.3 1 0
bburli/redis-stream-client-go/impl/relredis.go:157.2,159.81 3 1
bburli/redis-stream-client-go/impl/relredis.go:159.81,161.3 1 0
bburli/redis-stream-client-go/impl/relredis.go:164.2,165.22 2 1
bburli/redis-stream-client-go/impl/relredis.go:165.22,167.3 1 0
bburli/redis-stream-client-go/impl/relredis.go:170.2,170.8 1 1
bburli/redis-stream-client-go/impl/relredis.go:170.8,172.3 1 1
bburli/redis-stream-client-go/impl/relredis.go:174.2,174.12 1 1
bburli/redis-stream-client-go/impl/relredis.go:177.45,180.16 3 1
bburli/redis-stream-client-go/impl/relredis.go:180.16,182.3 1 0
bburli/redis-stream-client-go/impl/relredis.go:184.2,184.22 1 1
bburli/redis-stream-client-go/impl/relredis.go:184.23,185.3 0 1
