mode: atomic
github.com/handcoding-labs/redis-stream-client-go/notifs/lbsmsg.go:16.41,18.2 1 0
github.com/handcoding-labs/redis-stream-client-go/notifs/lbsmsg.go:20.64,23.39 2 0
github.com/handcoding-labs/redis-stream-client-go/notifs/lbsmsg.go:23.39,25.3 1 0
github.com/handcoding-labs/redis-stream-client-go/notifs/lbsmsg.go:27.2,30.8 1 0
github.com/handcoding-labs/redis-stream-client-go/notifs/lbsmsg.go:33.76,34.51 1 0
github.com/handcoding-labs/redis-stream-client-go/notifs/lbsmsg.go:34.51,36.3 1 0
github.com/handcoding-labs/redis-stream-client-go/notifs/lbsmsg.go:38.2,41.8 1 0
github.com/handcoding-labs/redis-stream-client-go/notifs/relredisnotif.go:28.116,34.2 1 0
github.com/handcoding-labs/redis-stream-client-go/notifs/relredisnotif.go:36.74,44.2 1 0
github.com/handcoding-labs/redis-stream-client-go/examples/load-balancing/main.go:21.13,23.50 1 0
github.com/handcoding-labs/redis-stream-client-go/examples/load-balancing/main.go:23.50,26.3 2 0
github.com/handcoding-labs/redis-stream-client-go/examples/load-balancing/main.go:29.2,29.15 1 0
github.com/handcoding-labs/redis-stream-client-go/examples/load-balancing/main.go:32.20,43.22 6 0
github.com/handcoding-labs/redis-stream-client-go/examples/load-balancing/main.go:43.22,46.3 2 0
github.com/handcoding-labs/redis-stream-client-go/examples/load-balancing/main.go:48.2,53.21 3 0
github.com/handcoding-labs/redis-stream-client-go/examples/load-balancing/main.go:53.21,55.3 1 0
github.com/handcoding-labs/redis-stream-client-go/examples/load-balancing/main.go:57.2,64.52 3 0
github.com/handcoding-labs/redis-stream-client-go/examples/load-balancing/main.go:64.52,67.3 2 0
github.com/handcoding-labs/redis-stream-client-go/examples/load-balancing/main.go:70.2,70.89 1 0
github.com/handcoding-labs/redis-stream-client-go/examples/load-balancing/main.go:70.89,73.3 2 0
github.com/handcoding-labs/redis-stream-client-go/examples/load-balancing/main.go:76.2,81.16 4 0
github.com/handcoding-labs/redis-stream-client-go/examples/load-balancing/main.go:81.16,84.3 2 0
github.com/handcoding-labs/redis-stream-client-go/examples/load-balancing/main.go:87.2,91.12 3 0
github.com/handcoding-labs/redis-stream-client-go/examples/load-balancing/main.go:91.12,92.40 1 0
github.com/handcoding-labs/redis-stream-client-go/examples/load-balancing/main.go:92.40,93.29 1 0
github.com/handcoding-labs/redis-stream-client-go/examples/load-balancing/main.go:94.28,96.85 2 0
github.com/handcoding-labs/redis-stream-client-go/examples/load-balancing/main.go:98.30,100.67 2 0
github.com/handcoding-labs/redis-stream-client-go/examples/load-balancing/main.go:100.67,102.6 1 0
github.com/handcoding-labs/redis-stream-client-go/examples/load-balancing/main.go:102.11,105.6 2 0
github.com/handcoding-labs/redis-stream-client-go/examples/load-balancing/main.go:107.31,108.97 1 0
github.com/handcoding-labs/redis-stream-client-go/examples/load-balancing/main.go:114.2,121.38 4 0
github.com/handcoding-labs/redis-stream-client-go/examples/load-balancing/main.go:121.38,123.3 1 0
github.com/handcoding-labs/redis-stream-client-go/examples/load-balancing/main.go:123.8,125.3 1 0
github.com/handcoding-labs/redis-stream-client-go/examples/load-balancing/main.go:128.20,136.21 4 0
github.com/handcoding-labs/redis-stream-client-go/examples/load-balancing/main.go:136.21,138.3 1 0
github.com/handcoding-labs/redis-stream-client-go/examples/load-balancing/main.go:140.2,147.52 3 0
github.com/handcoding-labs/redis-stream-client-go/examples/load-balancing/main.go:147.52,150.3 2 0
github.com/handcoding-labs/redis-stream-client-go/examples/load-balancing/main.go:153.2,154.6 2 0
github.com/handcoding-labs/redis-stream-client-go/examples/load-balancing/main.go:154.6,156.26 1 0
github.com/handcoding-labs/redis-stream-client-go/examples/load-balancing/main.go:156.26,170.18 3 0
github.com/handcoding-labs/redis-stream-client-go/examples/load-balancing/main.go:170.18,172.13 2 0
github.com/handcoding-labs/redis-stream-client-go/examples/load-balancing/main.go:175.4,182.27 2 0
github.com/handcoding-labs/redis-stream-client-go/examples/load-balancing/main.go:182.27,184.5 1 0
github.com/handcoding-labs/redis-stream-client-go/examples/load-balancing/main.go:184.10,186.5 1 0
github.com/handcoding-labs/redis-stream-client-go/examples/load-balancing/main.go:188.4,188.15 1 0
github.com/handcoding-labs/redis-stream-client-go/examples/load-balancing/main.go:192.3,192.30 1 0
github.com/handcoding-labs/redis-stream-client-go/examples/load-balancing/main.go:196.175,205.74 6 0
github.com/handcoding-labs/redis-stream-client-go/examples/load-balancing/main.go:205.74,206.19 1 0
github.com/handcoding-labs/redis-stream-client-go/examples/load-balancing/main.go:207.15,208.36 1 0
github.com/handcoding-labs/redis-stream-client-go/examples/load-balancing/main.go:209.14,210.36 1 0
github.com/handcoding-labs/redis-stream-client-go/examples/load-balancing/main.go:215.2,222.59 4 0
github.com/handcoding-labs/redis-stream-client-go/examples/load-balancing/main.go:222.59,224.3 1 0
github.com/handcoding-labs/redis-stream-client-go/examples/load-balancing/main.go:224.8,226.3 1 0
github.com/handcoding-labs/redis-stream-client-go/examples/load-balancing/main.go:229.146,239.59 5 0
github.com/handcoding-labs/redis-stream-client-go/examples/load-balancing/main.go:239.59,241.3 1 0
github.com/handcoding-labs/redis-stream-client-go/examples/load-balancing/main.go:241.8,243.3 1 0
github.com/handcoding-labs/redis-stream-client-go/examples/load-balancing/main.go:246.110,250.6 3 0
github.com/handcoding-labs/redis-stream-client-go/examples/load-balancing/main.go:250.6,251.10 1 0
github.com/handcoding-labs/redis-stream-client-go/examples/load-balancing/main.go:252.21,253.10 1 0
github.com/handcoding-labs/redis-stream-client-go/examples/load-balancing/main.go:254.19,260.61 4 0
github.com/handcoding-labs/redis-stream-client-go/examples/load-balancing/main.go:260.61,261.51 1 0
github.com/handcoding-labs/redis-stream-client-go/examples/load-balancing/main.go:261.51,262.52 1 0
github.com/handcoding-labs/redis-stream-client-go/examples/load-balancing/main.go:262.52,264.7 1 0
github.com/handcoding-labs/redis-stream-client-go/examples/load-balancing/main.go:266.5,266.16 1 0
github.com/handcoding-labs/redis-stream-client-go/examples/load-balancing/main.go:269.4,269.23 1 0
github.com/handcoding-labs/redis-stream-client-go/examples/load-balancing/main.go:269.23,271.5 1 0
github.com/handcoding-labs/redis-stream-client-go/examples/basic-usage/main.go:19.13,31.21 6 0
github.com/handcoding-labs/redis-stream-client-go/examples/basic-usage/main.go:31.21,33.3 1 0
github.com/handcoding-labs/redis-stream-client-go/examples/basic-usage/main.go:35.2,42.52 3 0
github.com/handcoding-labs/redis-stream-client-go/examples/basic-usage/main.go:42.52,45.3 2 0
github.com/handcoding-labs/redis-stream-client-go/examples/basic-usage/main.go:46.2,49.89 2 0
github.com/handcoding-labs/redis-stream-client-go/examples/basic-usage/main.go:49.89,52.3 2 0
github.com/handcoding-labs/redis-stream-client-go/examples/basic-usage/main.go:55.2,60.16 4 0
github.com/handcoding-labs/redis-stream-client-go/examples/basic-usage/main.go:60.16,63.3 2 0
github.com/handcoding-labs/redis-stream-client-go/examples/basic-usage/main.go:64.2,70.12 3 0
github.com/handcoding-labs/redis-stream-client-go/examples/basic-usage/main.go:70.12,71.40 1 0
github.com/handcoding-labs/redis-stream-client-go/examples/basic-usage/main.go:71.40,72.29 1 0
github.com/handcoding-labs/redis-stream-client-go/examples/basic-usage/main.go:73.28,75.41 2 0
github.com/handcoding-labs/redis-stream-client-go/examples/basic-usage/main.go:77.30,79.67 2 0
github.com/handcoding-labs/redis-stream-client-go/examples/basic-usage/main.go:79.67,81.6 1 0
github.com/handcoding-labs/redis-stream-client-go/examples/basic-usage/main.go:81.11,83.6 1 0
github.com/handcoding-labs/redis-stream-client-go/examples/basic-usage/main.go:85.31,88.39 2 0
github.com/handcoding-labs/redis-stream-client-go/examples/basic-usage/main.go:90.12,91.70 1 0
github.com/handcoding-labs/redis-stream-client-go/examples/basic-usage/main.go:97.2,101.38 3 0
github.com/handcoding-labs/redis-stream-client-go/examples/basic-usage/main.go:101.38,103.3 1 0
github.com/handcoding-labs/redis-stream-client-go/examples/basic-usage/main.go:103.8,105.3 1 0
github.com/handcoding-labs/redis-stream-client-go/examples/basic-usage/main.go:107.2,107.32 1 0
github.com/handcoding-labs/redis-stream-client-go/examples/basic-usage/main.go:111.74,117.25 3 0
github.com/handcoding-labs/redis-stream-client-go/examples/basic-usage/main.go:117.25,131.17 3 0
github.com/handcoding-labs/redis-stream-client-go/examples/basic-usage/main.go:131.17,133.12 2 0
github.com/handcoding-labs/redis-stream-client-go/examples/basic-usage/main.go:137.3,144.26 2 0
github.com/handcoding-labs/redis-stream-client-go/examples/basic-usage/main.go:144.26,146.4 1 0
github.com/handcoding-labs/redis-stream-client-go/examples/basic-usage/main.go:146.9,148.4 1 0
github.com/handcoding-labs/redis-stream-client-go/examples/basic-usage/main.go:151.3,151.30 1 0
github.com/handcoding-labs/redis-stream-client-go/examples/basic-usage/main.go:156.90,175.2 3 0
github.com/handcoding-labs/redis-stream-client-go/examples/basic-usage/main.go:178.77,184.2 1 0
github.com/handcoding-labs/redis-stream-client-go/impl/helpers.go:13.62,15.2 1 0
github.com/handcoding-labs/redis-stream-client-go/impl/helpers.go:17.57,19.2 1 0
github.com/handcoding-labs/redis-stream-client-go/impl/helpers.go:21.80,22.9 1 0
github.com/handcoding-labs/redis-stream-client-go/impl/helpers.go:23.20,24.14 1 0
github.com/handcoding-labs/redis-stream-client-go/impl/helpers.go:25.10,26.15 1 0
github.com/handcoding-labs/redis-stream-client-go/impl/helpers.go:30.91,34.2 3 0
github.com/handcoding-labs/redis-stream-client-go/impl/helpers.go:36.58,40.2 3 0
github.com/handcoding-labs/redis-stream-client-go/impl/helpers.go:42.121,43.9 1 0
github.com/handcoding-labs/redis-stream-client-go/impl/helpers.go:44.20,45.13 1 0
github.com/handcoding-labs/redis-stream-client-go/impl/helpers.go:46.36,46.36 0 0
github.com/handcoding-labs/redis-stream-client-go/impl/helpers.go:47.10,48.47 1 0
github.com/handcoding-labs/redis-stream-client-go/impl/helpers.go:51.2,51.12 1 0
github.com/handcoding-labs/redis-stream-client-go/impl/helpers.go:58.42,60.61 1 0
github.com/handcoding-labs/redis-stream-client-go/impl/helpers.go:60.61,61.17 1 0
github.com/handcoding-labs/redis-stream-client-go/impl/helpers.go:62.23,64.52 2 0
github.com/handcoding-labs/redis-stream-client-go/impl/helpers.go:64.52,65.19 1 0
github.com/handcoding-labs/redis-stream-client-go/impl/helpers.go:66.27,67.42 1 0
github.com/handcoding-labs/redis-stream-client-go/impl/helpers.go:68.26,69.41 1 0
github.com/handcoding-labs/redis-stream-client-go/impl/helpers.go:70.26,71.44 1 0
github.com/handcoding-labs/redis-stream-client-go/impl/helpers.go:72.27,73.42 1 0
github.com/handcoding-labs/redis-stream-client-go/impl/helpers.go:74.14,75.44 1 0
github.com/handcoding-labs/redis-stream-client-go/impl/helpers.go:78.22,79.24 1 0
github.com/handcoding-labs/redis-stream-client-go/impl/helpers.go:80.25,81.22 1 0
github.com/handcoding-labs/redis-stream-client-go/impl/helpers.go:83.4,83.12 1 0
github.com/handcoding-labs/redis-stream-client-go/impl/init.go:17.104,21.22 2 0
github.com/handcoding-labs/redis-stream-client-go/impl/init.go:21.22,23.3 1 0
github.com/handcoding-labs/redis-stream-client-go/impl/init.go:25.2,25.12 1 0
github.com/handcoding-labs/redis-stream-client-go/impl/init.go:28.92,36.2 3 0
github.com/handcoding-labs/redis-stream-client-go/impl/init.go:42.79,52.33 2 0
github.com/handcoding-labs/redis-stream-client-go/impl/init.go:52.33,55.3 2 0
github.com/handcoding-labs/redis-stream-client-go/impl/init.go:57.2,58.28 2 0
github.com/handcoding-labs/redis-stream-client-go/impl/init.go:58.28,61.3 2 0
github.com/handcoding-labs/redis-stream-client-go/impl/init.go:63.2,66.31 3 0
github.com/handcoding-labs/redis-stream-client-go/impl/init.go:66.31,69.3 2 0
github.com/handcoding-labs/redis-stream-client-go/impl/init.go:71.2,79.65 2 0
github.com/handcoding-labs/redis-stream-client-go/impl/init.go:79.65,82.3 2 0
github.com/handcoding-labs/redis-stream-client-go/impl/init.go:85.75,87.6 2 0
github.com/handcoding-labs/redis-stream-client-go/impl/init.go:87.6,89.27 1 0
github.com/handcoding-labs/redis-stream-client-go/impl/init.go:89.27,92.4 2 0
github.com/handcoding-labs/redis-stream-client-go/impl/init.go:95.3,102.23 2 0
github.com/handcoding-labs/redis-stream-client-go/impl/init.go:102.23,103.46 1 0
github.com/handcoding-labs/redis-stream-client-go/impl/init.go:103.46,106.5 2 0
github.com/handcoding-labs/redis-stream-client-go/impl/init.go:107.4,110.10 3 0
github.com/handcoding-labs/redis-stream-client-go/impl/init.go:113.3,113.68 1 0
github.com/handcoding-labs/redis-stream-client-go/impl/init.go:113.68,117.4 3 0
github.com/handcoding-labs/redis-stream-client-go/impl/init.go:125.9,126.33 1 0
github.com/handcoding-labs/redis-stream-client-go/impl/init.go:126.33,127.43 1 0
github.com/handcoding-labs/redis-stream-client-go/impl/init.go:127.43,130.11 2 0
github.com/handcoding-labs/redis-stream-client-go/impl/init.go:130.11,132.5 1 0
github.com/handcoding-labs/redis-stream-client-go/impl/init.go:135.4,136.74 2 0
github.com/handcoding-labs/redis-stream-client-go/impl/init.go:136.74,138.5 1 0
github.com/handcoding-labs/redis-stream-client-go/impl/init.go:140.4,140.39 1 0
github.com/handcoding-labs/redis-stream-client-go/impl/init.go:140.39,142.5 1 0
github.com/handcoding-labs/redis-stream-client-go/impl/init.go:144.4,145.18 2 0
github.com/handcoding-labs/redis-stream-client-go/impl/init.go:145.18,147.5 1 0
github.com/handcoding-labs/redis-stream-client-go/impl/init.go:150.4,155.53 1 0
github.com/handcoding-labs/redis-stream-client-go/impl/init.go:155.53,157.6 1 0
github.com/handcoding-labs/redis-stream-client-go/impl/init.go:160.4,160.39 1 0
github.com/handcoding-labs/redis-stream-client-go/impl/init.go:160.39,162.5 1 0
github.com/handcoding-labs/redis-stream-client-go/impl/init.go:164.4,175.14 5 0
github.com/handcoding-labs/redis-stream-client-go/impl/init.go:175.14,176.85 1 0
github.com/handcoding-labs/redis-stream-client-go/impl/init.go:176.85,178.6 1 0
github.com/handcoding-labs/redis-stream-client-go/impl/init.go:183.2,183.12 1 0
github.com/handcoding-labs/redis-stream-client-go/impl/init.go:191.9,194.15 2 0
github.com/handcoding-labs/redis-stream-client-go/impl/init.go:194.15,195.22 1 0
github.com/handcoding-labs/redis-stream-client-go/impl/init.go:195.22,198.4 1 0
github.com/handcoding-labs/redis-stream-client-go/impl/init.go:201.2,201.6 1 0
github.com/handcoding-labs/redis-stream-client-go/impl/init.go:201.6,204.27 1 0
github.com/handcoding-labs/redis-stream-client-go/impl/init.go:204.27,207.4 2 0
github.com/handcoding-labs/redis-stream-client-go/impl/init.go:210.3,210.55 1 0
github.com/handcoding-labs/redis-stream-client-go/impl/init.go:210.55,213.4 2 0
github.com/handcoding-labs/redis-stream-client-go/impl/init.go:215.3,215.51 1 0
github.com/handcoding-labs/redis-stream-client-go/impl/init.go:215.51,218.4 2 0
github.com/handcoding-labs/redis-stream-client-go/impl/init.go:220.3,220.31 1 0
github.com/handcoding-labs/redis-stream-client-go/impl/init.go:224.71,230.6 4 0
github.com/handcoding-labs/redis-stream-client-go/impl/init.go:230.6,231.10 1 0
github.com/handcoding-labs/redis-stream-client-go/impl/init.go:232.21,233.10 1 0
github.com/handcoding-labs/redis-stream-client-go/impl/init.go:234.21,237.10 3 0
github.com/handcoding-labs/redis-stream-client-go/impl/init.go:238.32,239.23 1 0
github.com/handcoding-labs/redis-stream-client-go/impl/init.go:239.23,242.19 3 0
github.com/handcoding-labs/redis-stream-client-go/impl/init.go:242.19,244.14 2 0
github.com/handcoding-labs/redis-stream-client-go/impl/init.go:248.5,250.80 3 0
github.com/handcoding-labs/redis-stream-client-go/impl/init.go:250.80,252.6 1 0
github.com/handcoding-labs/redis-stream-client-go/impl/init.go:253.5,255.114 2 0
github.com/handcoding-labs/redis-stream-client-go/impl/init.go:255.114,258.6 1 0
github.com/handcoding-labs/redis-stream-client-go/impl/init.go:260.19,260.19 0 0
github.com/handcoding-labs/redis-stream-client-go/impl/opts.go:11.69,12.53 1 0
github.com/handcoding-labs/redis-stream-client-go/impl/opts.go:12.53,14.52 1 0
github.com/handcoding-labs/redis-stream-client-go/impl/opts.go:14.52,16.4 1 0
github.com/handcoding-labs/redis-stream-client-go/impl/opts.go:18.3,19.13 2 0
github.com/handcoding-labs/redis-stream-client-go/impl/opts.go:24.61,25.53 1 0
github.com/handcoding-labs/redis-stream-client-go/impl/opts.go:25.53,26.17 1 0
github.com/handcoding-labs/redis-stream-client-go/impl/opts.go:26.17,28.4 1 0
github.com/handcoding-labs/redis-stream-client-go/impl/opts.go:30.3,31.13 2 0
github.com/handcoding-labs/redis-stream-client-go/impl/opts.go:37.55,38.53 1 0
github.com/handcoding-labs/redis-stream-client-go/impl/opts.go:38.53,39.16 1 0
github.com/handcoding-labs/redis-stream-client-go/impl/opts.go:39.16,41.4 1 0
github.com/handcoding-labs/redis-stream-client-go/impl/opts.go:43.3,44.13 2 0
github.com/handcoding-labs/redis-stream-client-go/impl/opts.go:50.71,51.53 1 0
github.com/handcoding-labs/redis-stream-client-go/impl/opts.go:51.53,52.19 1 0
github.com/handcoding-labs/redis-stream-client-go/impl/opts.go:52.19,54.4 1 0
github.com/handcoding-labs/redis-stream-client-go/impl/opts.go:56.3,57.13 2 0
github.com/handcoding-labs/redis-stream-client-go/impl/relredis.go:78.27,83.34 3 0
github.com/handcoding-labs/redis-stream-client-go/impl/relredis.go:83.34,84.38 1 0
github.com/handcoding-labs/redis-stream-client-go/impl/relredis.go:87.2,89.22 2 0
github.com/handcoding-labs/redis-stream-client-go/impl/relredis.go:89.22,91.3 1 0
github.com/handcoding-labs/redis-stream-client-go/impl/relredis.go:91.8,93.3 1 0
github.com/handcoding-labs/redis-stream-client-go/impl/relredis.go:95.2,116.27 4 0
github.com/handcoding-labs/redis-stream-client-go/impl/relredis.go:116.27,117.32 1 0
github.com/handcoding-labs/redis-stream-client-go/impl/relredis.go:117.32,118.49 1 0
github.com/handcoding-labs/redis-stream-client-go/impl/relredis.go:122.2,122.10 1 0
github.com/handcoding-labs/redis-stream-client-go/impl/relredis.go:126.52,128.2 1 0
github.com/handcoding-labs/redis-stream-client-go/impl/relredis.go:138.55,140.24 2 0
github.com/handcoding-labs/redis-stream-client-go/impl/relredis.go:140.24,142.3 1 0
github.com/handcoding-labs/redis-stream-client-go/impl/relredis.go:144.2,145.23 2 0
github.com/handcoding-labs/redis-stream-client-go/impl/relredis.go:145.23,147.3 1 0
github.com/handcoding-labs/redis-stream-client-go/impl/relredis.go:149.2,154.75 4 0
github.com/handcoding-labs/redis-stream-client-go/impl/relredis.go:154.75,156.3 1 0
github.com/handcoding-labs/redis-stream-client-go/impl/relredis.go:159.2,168.26 5 0
github.com/handcoding-labs/redis-stream-client-go/impl/relredis.go:172.97,185.22 3 0
github.com/handcoding-labs/redis-stream-client-go/impl/relredis.go:185.22,188.3 2 0
github.com/handcoding-labs/redis-stream-client-go/impl/relredis.go:190.2,191.16 2 0
github.com/handcoding-labs/redis-stream-client-go/impl/relredis.go:191.16,195.3 2 0
github.com/handcoding-labs/redis-stream-client-go/impl/relredis.go:197.2,197.23 1 0
github.com/handcoding-labs/redis-stream-client-go/impl/relredis.go:197.23,199.3 1 0
github.com/handcoding-labs/redis-stream-client-go/impl/relredis.go:201.2,206.51 1 0
github.com/handcoding-labs/redis-stream-client-go/impl/relredis.go:206.51,208.4 1 0
github.com/handcoding-labs/redis-stream-client-go/impl/relredis.go:211.2,211.37 1 0
github.com/handcoding-labs/redis-stream-client-go/impl/relredis.go:211.37,213.3 1 0
github.com/handcoding-labs/redis-stream-client-go/impl/relredis.go:216.2,217.22 2 0
github.com/handcoding-labs/redis-stream-client-go/impl/relredis.go:217.22,218.74 1 0
github.com/handcoding-labs/redis-stream-client-go/impl/relredis.go:218.74,220.75 2 0
github.com/handcoding-labs/redis-stream-client-go/impl/relredis.go:220.75,222.5 1 0
github.com/handcoding-labs/redis-stream-client-go/impl/relredis.go:226.2,226.12 1 0
github.com/handcoding-labs/redis-stream-client-go/impl/relredis.go:226.12,227.82 1 0
github.com/handcoding-labs/redis-stream-client-go/impl/relredis.go:227.82,229.4 1 0
github.com/handcoding-labs/redis-stream-client-go/impl/relredis.go:233.2,241.12 4 0
github.com/handcoding-labs/redis-stream-client-go/impl/relredis.go:248.101,251.9 3 0
github.com/handcoding-labs/redis-stream-client-go/impl/relredis.go:251.9,254.3 2 0
github.com/handcoding-labs/redis-stream-client-go/impl/relredis.go:257.2,262.81 4 0
github.com/handcoding-labs/redis-stream-client-go/impl/relredis.go:262.81,264.3 1 0
github.com/handcoding-labs/redis-stream-client-go/impl/relredis.go:267.2,268.22 2 0
github.com/handcoding-labs/redis-stream-client-go/impl/relredis.go:268.22,270.3 1 0
github.com/handcoding-labs/redis-stream-client-go/impl/relredis.go:272.2,272.12 1 0
github.com/handcoding-labs/redis-stream-client-go/impl/relredis.go:280.53,286.40 4 0
github.com/handcoding-labs/redis-stream-client-go/impl/relredis.go:286.40,288.3 1 0
github.com/handcoding-labs/redis-stream-client-go/impl/relredis.go:289.2,291.41 2 0
github.com/handcoding-labs/redis-stream-client-go/impl/relredis.go:291.41,292.55 1 0
github.com/handcoding-labs/redis-stream-client-go/impl/relredis.go:292.55,294.4 1 0
github.com/handcoding-labs/redis-stream-client-go/impl/relredis.go:298.2,298.36 1 0
github.com/handcoding-labs/redis-stream-client-go/impl/relredis.go:298.36,300.3 1 0
github.com/handcoding-labs/redis-stream-client-go/impl/relredis.go:302.2,302.12 1 0
github.com/handcoding-labs/redis-stream-client-go/impl/relredis.go:305.56,306.41 1 0
github.com/handcoding-labs/redis-stream-client-go/impl/relredis.go:306.41,308.3 1 0
github.com/handcoding-labs/redis-stream-client-go/impl/relredis.go:312.2,312.25 1 0
github.com/handcoding-labs/redis-stream-client-go/impl/relredis.go:312.25,314.3 1 0
github.com/handcoding-labs/redis-stream-client-go/impl/relredis.go:317.2,322.12 3 0
github.com/handcoding-labs/redis-stream-client-go/impl/helpers.go:13.62,15.2 1 8317
github.com/handcoding-labs/redis-stream-client-go/impl/helpers.go:17.57,19.2 1 8317
github.com/handcoding-labs/redis-stream-client-go/impl/helpers.go:21.80,22.9 1 45210
github.com/handcoding-labs/redis-stream-client-go/impl/helpers.go:23.20,24.14 1 405
github.com/handcoding-labs/redis-stream-client-go/impl/helpers.go:25.10,26.15 1 44805
github.com/handcoding-labs/redis-stream-client-go/impl/helpers.go:30.91,34.2 3 41773
github.com/handcoding-labs/redis-stream-client-go/impl/helpers.go:36.58,40.2 3 7
github.com/handcoding-labs/redis-stream-client-go/impl/helpers.go:42.121,43.9 1 8242
github.com/handcoding-labs/redis-stream-client-go/impl/helpers.go:44.20,45.13 1 0
github.com/handcoding-labs/redis-stream-client-go/impl/helpers.go:46.36,46.36 0 8242
github.com/handcoding-labs/redis-stream-client-go/impl/helpers.go:47.10,48.47 1 0
github.com/handcoding-labs/redis-stream-client-go/impl/helpers.go:51.2,51.12 1 8242
github.com/handcoding-labs/redis-stream-client-go/impl/helpers.go:58.42,60.61 1 25
github.com/handcoding-labs/redis-stream-client-go/impl/helpers.go:60.61,61.17 1 59254
github.com/handcoding-labs/redis-stream-client-go/impl/helpers.go:62.23,64.52 2 10899
github.com/handcoding-labs/redis-stream-client-go/impl/helpers.go:64.52,65.19 1 10899
github.com/handcoding-labs/redis-stream-client-go/impl/helpers.go:66.27,67.42 1 5645
github.com/handcoding-labs/redis-stream-client-go/impl/helpers.go:68.26,69.41 1 5254
github.com/handcoding-labs/redis-stream-client-go/impl/helpers.go:70.26,71.44 1 0
github.com/handcoding-labs/redis-stream-client-go/impl/helpers.go:72.27,73.42 1 0
github.com/handcoding-labs/redis-stream-client-go/impl/helpers.go:74.14,75.44 1 0
github.com/handcoding-labs/redis-stream-client-go/impl/helpers.go:78.22,79.24 1 10899
github.com/handcoding-labs/redis-stream-client-go/impl/helpers.go:80.25,81.22 1 10899
github.com/handcoding-labs/redis-stream-client-go/impl/helpers.go:83.4,83.12 1 59254
github.com/handcoding-labs/redis-stream-client-go/impl/init.go:17.104,21.22 2 25
github.com/handcoding-labs/redis-stream-client-go/impl/init.go:21.22,23.3 1 0
github.com/handcoding-labs/redis-stream-client-go/impl/init.go:25.2,25.12 1 25
github.com/handcoding-labs/redis-stream-client-go/impl/init.go:28.92,36.2 3 25
github.com/handcoding-labs/redis-stream-client-go/impl/init.go:42.79,52.33 2 25
github.com/handcoding-labs/redis-stream-client-go/impl/init.go:52.33,55.3 2 0
github.com/handcoding-labs/redis-stream-client-go/impl/init.go:57.2,58.28 2 25
github.com/handcoding-labs/redis-stream-client-go/impl/init.go:58.28,61.3 2 25
github.com/handcoding-labs/redis-stream-client-go/impl/init.go:63.2,66.31 3 0
github.com/handcoding-labs/redis-stream-client-go/impl/init.go:66.31,69.3 2 0
github.com/handcoding-labs/redis-stream-client-go/impl/init.go:71.2,79.65 2 0
github.com/handcoding-labs/redis-stream-client-go/impl/init.go:79.65,82.3 2 0
github.com/handcoding-labs/redis-stream-client-go/impl/init.go:85.75,87.6 2 25
github.com/handcoding-labs/redis-stream-client-go/impl/init.go:87.6,89.27 1 3032
github.com/handcoding-labs/redis-stream-client-go/impl/init.go:89.27,92.4 2 0
github.com/handcoding-labs/redis-stream-client-go/impl/init.go:95.3,102.23 2 3032
github.com/handcoding-labs/redis-stream-client-go/impl/init.go:102.23,103.46 1 0
github.com/handcoding-labs/redis-stream-client-go/impl/init.go:103.46,106.5 2 0
github.com/handcoding-labs/redis-stream-client-go/impl/init.go:107.4,110.10 3 0
github.com/handcoding-labs/redis-stream-client-go/impl/init.go:113.3,113.68 1 3007
github.com/handcoding-labs/redis-stream-client-go/impl/init.go:113.68,117.4 3 0
github.com/handcoding-labs/redis-stream-client-go/impl/init.go:125.9,126.33 1 3007
github.com/handcoding-labs/redis-stream-client-go/impl/init.go:126.33,127.43 1 3007
github.com/handcoding-labs/redis-stream-client-go/impl/init.go:127.43,130.11 2 3007
github.com/handcoding-labs/redis-stream-client-go/impl/init.go:130.11,132.5 1 0
github.com/handcoding-labs/redis-stream-client-go/impl/init.go:135.4,136.74 2 3007
github.com/handcoding-labs/redis-stream-client-go/impl/init.go:136.74,138.5 1 0
github.com/handcoding-labs/redis-stream-client-go/impl/init.go:140.4,140.39 1 3007
github.com/handcoding-labs/redis-stream-client-go/impl/init.go:140.39,142.5 1 0
github.com/handcoding-labs/redis-stream-client-go/impl/init.go:144.4,145.18 2 3007
github.com/handcoding-labs/redis-stream-client-go/impl/init.go:145.18,147.5 1 0
github.com/handcoding-labs/redis-stream-client-go/impl/init.go:150.4,155.53 1 3007
github.com/handcoding-labs/redis-stream-client-go/impl/init.go:155.53,157.6 1 3007
github.com/handcoding-labs/redis-stream-client-go/impl/init.go:160.4,160.39 1 3007
github.com/handcoding-labs/redis-stream-client-go/impl/init.go:160.39,162.5 1 0
github.com/handcoding-labs/redis-stream-client-go/impl/init.go:164.4,175.14 5 3007
github.com/handcoding-labs/redis-stream-client-go/impl/init.go:175.14,176.85 1 3007
github.com/handcoding-labs/redis-stream-client-go/impl/init.go:176.85,178.6 1 0
github.com/handcoding-labs/redis-stream-client-go/impl/init.go:183.2,183.12 1 3007
github.com/handcoding-labs/redis-stream-client-go/impl/init.go:191.9,194.15 2 3411
github.com/handcoding-labs/redis-stream-client-go/impl/init.go:194.15,195.22 1 410
github.com/handcoding-labs/redis-stream-client-go/impl/init.go:195.22,198.4 1 0
github.com/handcoding-labs/redis-stream-client-go/impl/init.go:201.2,201.6 1 3411
github.com/handcoding-labs/redis-stream-client-go/impl/init.go:201.6,204.27 1 42178
github.com/handcoding-labs/redis-stream-client-go/impl/init.go:204.27,207.4 2 405
github.com/handcoding-labs/redis-stream-client-go/impl/init.go:210.3,210.55 1 41773
github.com/handcoding-labs/redis-stream-client-go/impl/init.go:210.55,213.4 2 5
github.com/handcoding-labs/redis-stream-client-go/impl/init.go:215.3,215.51 1 41768
github.com/handcoding-labs/redis-stream-client-go/impl/init.go:215.51,218.4 2 0
github.com/handcoding-labs/redis-stream-client-go/impl/init.go:220.3,220.31 1 41768
github.com/handcoding-labs/redis-stream-client-go/impl/init.go:224.71,230.6 4 25
github.com/handcoding-labs/redis-stream-client-go/impl/init.go:230.6,231.10 1 25373
github.com/handcoding-labs/redis-stream-client-go/impl/init.go:232.21,233.10 1 7
github.com/handcoding-labs/redis-stream-client-go/impl/init.go:234.21,237.10 3 5
github.com/handcoding-labs/redis-stream-client-go/impl/init.go:238.32,239.23 1 5230
github.com/handcoding-labs/redis-stream-client-go/impl/init.go:239.23,242.19 3 5230
github.com/handcoding-labs/redis-stream-client-go/impl/init.go:242.19,244.14 2 0
github.com/handcoding-labs/redis-stream-client-go/impl/init.go:248.5,250.80 3 5230
github.com/handcoding-labs/redis-stream-client-go/impl/init.go:250.80,252.6 1 2
github.com/handcoding-labs/redis-stream-client-go/impl/init.go:253.5,255.114 2 5230
github.com/handcoding-labs/redis-stream-client-go/impl/init.go:255.114,258.6 1 0
github.com/handcoding-labs/redis-stream-client-go/impl/init.go:260.19,260.19 0 20118
github.com/handcoding-labs/redis-stream-client-go/impl/opts.go:11.69,12.53 1 0
github.com/handcoding-labs/redis-stream-client-go/impl/opts.go:12.53,14.52 1 0
github.com/handcoding-labs/redis-stream-client-go/impl/opts.go:14.52,16.4 1 0
github.com/handcoding-labs/redis-stream-client-go/impl/opts.go:18.3,19.13 2 0
github.com/handcoding-labs/redis-stream-client-go/impl/opts.go:24.61,25.53 1 0
github.com/handcoding-labs/redis-stream-client-go/impl/opts.go:25.53,26.17 1 0
github.com/handcoding-labs/redis-stream-client-go/impl/opts.go:26.17,28.4 1 0
github.com/handcoding-labs/redis-stream-client-go/impl/opts.go:30.3,31.13 2 0
github.com/handcoding-labs/redis-stream-client-go/impl/opts.go:37.55,38.53 1 0
github.com/handcoding-labs/redis-stream-client-go/impl/opts.go:38.53,39.16 1 0
github.com/handcoding-labs/redis-stream-client-go/impl/opts.go:39.16,41.4 1 0
github.com/handcoding-labs/redis-stream-client-go/impl/opts.go:43.3,44.13 2 0
github.com/handcoding-labs/redis-stream-client-go/impl/opts.go:50.71,51.53 1 0
github.com/handcoding-labs/redis-stream-client-go/impl/opts.go:51.53,52.19 1 0
github.com/handcoding-labs/redis-stream-client-go/impl/opts.go:52.19,54.4 1 0
github.com/handcoding-labs/redis-stream-client-go/impl/opts.go:56.3,57.13 2 0
github.com/handcoding-labs/redis-stream-client-go/impl/relredis.go:78.27,83.34 3 25
github.com/handcoding-labs/redis-stream-client-go/impl/relredis.go:83.34,84.38 1 0
github.com/handcoding-labs/redis-stream-client-go/impl/relredis.go:87.2,89.22 2 25
github.com/handcoding-labs/redis-stream-client-go/impl/relredis.go:89.22,91.3 1 25
github.com/handcoding-labs/redis-stream-client-go/impl/relredis.go:91.8,93.3 1 0
github.com/handcoding-labs/redis-stream-client-go/impl/relredis.go:95.2,116.27 4 25
github.com/handcoding-labs/redis-stream-client-go/impl/relredis.go:116.27,117.32 1 0
github.com/handcoding-labs/redis-stream-client-go/impl/relredis.go:117.32,118.49 1 0
github.com/handcoding-labs/redis-stream-client-go/impl/relredis.go:122.2,122.10 1 25
github.com/handcoding-labs/redis-stream-client-go/impl/relredis.go:126.52,128.2 1 348
github.com/handcoding-labs/redis-stream-client-go/impl/relredis.go:138.55,140.24 2 25
github.com/handcoding-labs/redis-stream-client-go/impl/relredis.go:140.24,142.3 1 0
github.com/handcoding-labs/redis-stream-client-go/impl/relredis.go:144.2,145.23 2 25
github.com/handcoding-labs/redis-stream-client-go/impl/relredis.go:145.23,147.3 1 0
github.com/handcoding-labs/redis-stream-client-go/impl/relredis.go:149.2,154.75 4 25
github.com/handcoding-labs/redis-stream-client-go/impl/relredis.go:154.75,156.3 1 0
github.com/handcoding-labs/redis-stream-client-go/impl/relredis.go:159.2,168.26 5 25
github.com/handcoding-labs/redis-stream-client-go/impl/relredis.go:172.97,185.22 3 5229
github.com/handcoding-labs/redis-stream-client-go/impl/relredis.go:185.22,188.3 2 0
github.com/handcoding-labs/redis-stream-client-go/impl/relredis.go:190.2,191.16 2 5229
github.com/handcoding-labs/redis-stream-client-go/impl/relredis.go:191.16,195.3 2 0
github.com/handcoding-labs/redis-stream-client-go/impl/relredis.go:197.2,197.23 1 5229
github.com/handcoding-labs/redis-stream-client-go/impl/relredis.go:197.23,199.3 1 4825
github.com/handcoding-labs/redis-stream-client-go/impl/relredis.go:201.2,206.51 1 404
github.com/handcoding-labs/redis-stream-client-go/impl/relredis.go:206.51,208.4 1 404
github.com/handcoding-labs/redis-stream-client-go/impl/relredis.go:211.2,211.37 1 404
github.com/handcoding-labs/redis-stream-client-go/impl/relredis.go:211.37,213.3 1 0
github.com/handcoding-labs/redis-stream-client-go/impl/relredis.go:216.2,217.22 2 404
github.com/handcoding-labs/redis-stream-client-go/impl/relredis.go:217.22,218.74 1 404
github.com/handcoding-labs/redis-stream-client-go/impl/relredis.go:218.74,220.75 2 404
github.com/handcoding-labs/redis-stream-client-go/impl/relredis.go:220.75,222.5 1 404
github.com/handcoding-labs/redis-stream-client-go/impl/relredis.go:226.2,226.12 1 404
github.com/handcoding-labs/redis-stream-client-go/impl/relredis.go:226.12,227.82 1 404
github.com/handcoding-labs/redis-stream-client-go/impl/relredis.go:227.82,229.4 1 0
github.com/handcoding-labs/redis-stream-client-go/impl/relredis.go:233.2,241.12 4 404
github.com/handcoding-labs/redis-stream-client-go/impl/relredis.go:248.101,251.9 3 6
github.com/handcoding-labs/redis-stream-client-go/impl/relredis.go:251.9,254.3 2 0
github.com/handcoding-labs/redis-stream-client-go/impl/relredis.go:257.2,262.81 4 6
github.com/handcoding-labs/redis-stream-client-go/impl/relredis.go:262.81,264.3 1 0
github.com/handcoding-labs/redis-stream-client-go/impl/relredis.go:267.2,268.22 2 6
github.com/handcoding-labs/redis-stream-client-go/impl/relredis.go:268.22,270.3 1 0
github.com/handcoding-labs/redis-stream-client-go/impl/relredis.go:272.2,272.12 1 6
github.com/handcoding-labs/redis-stream-client-go/impl/relredis.go:280.53,286.40 4 7
github.com/handcoding-labs/redis-stream-client-go/impl/relredis.go:286.40,288.3 1 6
github.com/handcoding-labs/redis-stream-client-go/impl/relredis.go:289.2,291.41 2 7
github.com/handcoding-labs/redis-stream-client-go/impl/relredis.go:291.41,292.55 1 6
github.com/handcoding-labs/redis-stream-client-go/impl/relredis.go:292.55,294.4 1 0
github.com/handcoding-labs/redis-stream-client-go/impl/relredis.go:298.2,298.36 1 7
github.com/handcoding-labs/redis-stream-client-go/impl/relredis.go:298.36,300.3 1 0
github.com/handcoding-labs/redis-stream-client-go/impl/relredis.go:302.2,302.12 1 7
github.com/handcoding-labs/redis-stream-client-go/impl/relredis.go:305.56,306.41 1 7
github.com/handcoding-labs/redis-stream-client-go/impl/relredis.go:306.41,308.3 1 0
github.com/handcoding-labs/redis-stream-client-go/impl/relredis.go:312.2,312.25 1 7
github.com/handcoding-labs/redis-stream-client-go/impl/relredis.go:312.25,314.3 1 0
github.com/handcoding-labs/redis-stream-client-go/impl/relredis.go:317.2,322.12 3 7
github.com/handcoding-labs/redis-stream-client-go/notifs/lbsmsg.go:16.41,18.2 1 3411
github.com/handcoding-labs/redis-stream-client-go/notifs/lbsmsg.go:20.64,23.39 2 5232
github.com/handcoding-labs/redis-stream-client-go/notifs/lbsmsg.go:23.39,25.3 1 0
github.com/handcoding-labs/redis-stream-client-go/notifs/lbsmsg.go:27.2,30.8 1 5232
github.com/handcoding-labs/redis-stream-client-go/notifs/lbsmsg.go:33.76,34.51 1 3007
github.com/handcoding-labs/redis-stream-client-go/notifs/lbsmsg.go:34.51,36.3 1 0
github.com/handcoding-labs/redis-stream-client-go/notifs/lbsmsg.go:38.2,41.8 1 3007
github.com/handcoding-labs/redis-stream-client-go/notifs/relredisnotif.go:28.116,34.2 1 8237
github.com/handcoding-labs/redis-stream-client-go/notifs/relredisnotif.go:36.74,44.2 1 5
