mode: set
bburli/redis-stream-client-go/impl/helpers.go:8.59,10.2 1 0
bburli/redis-stream-client-go/impl/helpers.go:12.54,14.2 1 0
bburli/redis-stream-client-go/impl/helpers.go:16.126,17.14 1 0
bburli/redis-stream-client-go/impl/helpers.go:17.14,19.3 1 0
bburli/redis-stream-client-go/impl/helpers.go:21.2,21.32 1 0
bburli/redis-stream-client-go/impl/helpers.go:21.32,23.3 1 0
bburli/redis-stream-client-go/impl/helpers.go:25.2,25.10 1 0
bburli/redis-stream-client-go/impl/helpers.go:28.76,29.34 1 0
bburli/redis-stream-client-go/impl/helpers.go:29.34,31.3 1 0
bburli/redis-stream-client-go/impl/helpers.go:33.2,33.8 1 0
bburli/redis-stream-client-go/impl/helpers.go:36.71,37.34 1 0
bburli/redis-stream-client-go/impl/helpers.go:37.34,39.17 2 0
bburli/redis-stream-client-go/impl/helpers.go:39.17,41.4 1 0
bburli/redis-stream-client-go/impl/helpers.go:44.3,44.23 1 0
bburli/redis-stream-client-go/impl/helpers.go:47.2,47.12 1 0
bburli/redis-stream-client-go/impl/init.go:16.101,20.22 2 0
bburli/redis-stream-client-go/impl/init.go:20.22,22.3 1 0
bburli/redis-stream-client-go/impl/init.go:24.2,24.12 1 0
bburli/redis-stream-client-go/impl/init.go:27.89,31.2 3 0
bburli/redis-stream-client-go/impl/init.go:33.72,41.6 4 0
bburli/redis-stream-client-go/impl/init.go:41.6,43.10 1 0
bburli/redis-stream-client-go/impl/init.go:44.21,46.10 2 0
bburli/redis-stream-client-go/impl/init.go:47.11,47.11 0 0
bburli/redis-stream-client-go/impl/init.go:51.3,57.23 2 0
bburli/redis-stream-client-go/impl/init.go:57.23,58.46 1 0
bburli/redis-stream-client-go/impl/init.go:58.46,60.5 1 0
bburli/redis-stream-client-go/impl/init.go:61.4,62.10 2 0
bburli/redis-stream-client-go/impl/init.go:65.3,65.36 1 0
bburli/redis-stream-client-go/impl/init.go:65.36,66.44 1 0
bburli/redis-stream-client-go/impl/init.go:66.44,69.12 2 0
bburli/redis-stream-client-go/impl/init.go:69.12,72.6 2 0
bburli/redis-stream-client-go/impl/init.go:75.5,76.75 2 0
bburli/redis-stream-client-go/impl/init.go:76.75,79.6 2 0
bburli/redis-stream-client-go/impl/init.go:81.5,81.40 1 0
bburli/redis-stream-client-go/impl/init.go:81.40,84.6 2 0
bburli/redis-stream-client-go/impl/init.go:87.5,92.54 1 0
bburli/redis-stream-client-go/impl/init.go:92.54,94.7 1 0
bburli/redis-stream-client-go/impl/init.go:96.5,96.40 1 0
bburli/redis-stream-client-go/impl/init.go:96.40,98.6 1 0
bburli/redis-stream-client-go/impl/init.go:100.5,101.19 2 0
bburli/redis-stream-client-go/impl/init.go:101.19,104.6 2 0
bburli/redis-stream-client-go/impl/init.go:106.5,115.15 3 0
bburli/redis-stream-client-go/impl/init.go:115.15,116.10 1 0
bburli/redis-stream-client-go/impl/init.go:116.10,117.14 1 0
bburli/redis-stream-client-go/impl/init.go:118.25,120.14 2 0
bburli/redis-stream-client-go/impl/init.go:121.15,121.15 0 0
bburli/redis-stream-client-go/impl/init.go:124.7,124.47 1 0
bburli/redis-stream-client-go/impl/init.go:124.47,127.8 2 0
bburli/redis-stream-client-go/impl/init.go:129.7,131.35 2 0
bburli/redis-stream-client-go/impl/init.go:138.3,138.35 1 0
bburli/redis-stream-client-go/impl/relredis.go:44.132,49.34 3 0
bburli/redis-stream-client-go/impl/relredis.go:49.34,50.38 1 0
bburli/redis-stream-client-go/impl/relredis.go:53.2,55.22 2 0
bburli/redis-stream-client-go/impl/relredis.go:55.22,57.3 1 0
bburli/redis-stream-client-go/impl/relredis.go:57.8,59.3 1 0
bburli/redis-stream-client-go/impl/relredis.go:61.2,61.21 1 0
bburli/redis-stream-client-go/impl/relredis.go:61.21,64.3 1 0
bburli/redis-stream-client-go/impl/relredis.go:66.2,74.3 1 0
bburli/redis-stream-client-go/impl/relredis.go:83.118,85.52 1 0
bburli/redis-stream-client-go/impl/relredis.go:85.52,87.3 1 0
bburli/redis-stream-client-go/impl/relredis.go:89.2,95.34 4 0
bburli/redis-stream-client-go/impl/relredis.go:99.118,113.51 6 0
bburli/redis-stream-client-go/impl/relredis.go:113.51,115.4 1 0
bburli/redis-stream-client-go/impl/relredis.go:118.2,118.37 1 0
bburli/redis-stream-client-go/impl/relredis.go:118.37,120.3 1 0
bburli/redis-stream-client-go/impl/relredis.go:122.2,123.16 2 0
bburli/redis-stream-client-go/impl/relredis.go:123.16,125.3 1 0
bburli/redis-stream-client-go/impl/relredis.go:127.2,142.22 3 0
bburli/redis-stream-client-go/impl/relredis.go:142.22,144.3 1 0
bburli/redis-stream-client-go/impl/relredis.go:146.2,146.12 1 0
bburli/redis-stream-client-go/impl/relredis.go:150.88,152.9 2 0
bburli/redis-stream-client-go/impl/relredis.go:152.9,154.3 1 0
bburli/redis-stream-client-go/impl/relredis.go:157.2,159.81 3 0
bburli/redis-stream-client-go/impl/relredis.go:159.81,161.3 1 0
bburli/redis-stream-client-go/impl/relredis.go:164.2,165.22 2 0
bburli/redis-stream-client-go/impl/relredis.go:165.22,167.3 1 0
bburli/redis-stream-client-go/impl/relredis.go:170.2,171.22 2 0
bburli/redis-stream-client-go/impl/relredis.go:171.22,173.3 1 0
bburli/redis-stream-client-go/impl/relredis.go:176.2,176.8 1 0
bburli/redis-stream-client-go/impl/relredis.go:176.8,178.3 1 0
bburli/redis-stream-client-go/impl/relredis.go:180.2,180.12 1 0
bburli/redis-stream-client-go/impl/relredis.go:183.45,186.16 3 0
bburli/redis-stream-client-go/impl/relredis.go:186.16,188.3 1 0
bburli/redis-stream-client-go/impl/relredis.go:190.2,190.22 1 0
bburli/redis-stream-client-go/impl/relredis.go:190.23,191.3 0 0
bburli/redis-stream-client-go/impl/helpers.go:8.59,10.2 1 1
bburli/redis-stream-client-go/impl/helpers.go:12.54,14.2 1 1
bburli/redis-stream-client-go/impl/helpers.go:16.126,17.14 1 1
bburli/redis-stream-client-go/impl/helpers.go:17.14,19.3 1 0
bburli/redis-stream-client-go/impl/helpers.go:21.2,21.32 1 1
bburli/redis-stream-client-go/impl/helpers.go:21.32,23.3 1 0
bburli/redis-stream-client-go/impl/helpers.go:25.2,25.10 1 1
bburli/redis-stream-client-go/impl/helpers.go:28.76,29.34 1 0
bburli/redis-stream-client-go/impl/helpers.go:29.34,31.3 1 0
bburli/redis-stream-client-go/impl/helpers.go:33.2,33.8 1 0
bburli/redis-stream-client-go/impl/helpers.go:36.71,37.34 1 0
bburli/redis-stream-client-go/impl/helpers.go:37.34,39.17 2 0
bburli/redis-stream-client-go/impl/helpers.go:39.17,41.4 1 0
bburli/redis-stream-client-go/impl/helpers.go:44.3,44.23 1 0
bburli/redis-stream-client-go/impl/helpers.go:47.2,47.12 1 0
bburli/redis-stream-client-go/impl/init.go:16.101,20.22 2 1
bburli/redis-stream-client-go/impl/init.go:20.22,22.3 1 0
bburli/redis-stream-client-go/impl/init.go:24.2,24.12 1 1
bburli/redis-stream-client-go/impl/init.go:27.89,31.2 3 1
bburli/redis-stream-client-go/impl/init.go:33.72,41.6 4 1
bburli/redis-stream-client-go/impl/init.go:41.6,43.10 1 1
bburli/redis-stream-client-go/impl/init.go:44.21,46.10 2 1
bburli/redis-stream-client-go/impl/init.go:47.11,47.11 0 1
bburli/redis-stream-client-go/impl/init.go:51.3,57.23 2 1
bburli/redis-stream-client-go/impl/init.go:57.23,58.46 1 0
bburli/redis-stream-client-go/impl/init.go:58.46,60.5 1 0
bburli/redis-stream-client-go/impl/init.go:61.4,62.10 2 0
bburli/redis-stream-client-go/impl/init.go:65.3,65.36 1 1
bburli/redis-stream-client-go/impl/init.go:65.36,66.44 1 1
bburli/redis-stream-client-go/impl/init.go:66.44,69.12 2 1
bburli/redis-stream-client-go/impl/init.go:69.12,72.6 2 0
bburli/redis-stream-client-go/impl/init.go:75.5,76.75 2 1
bburli/redis-stream-client-go/impl/init.go:76.75,79.6 2 0
bburli/redis-stream-client-go/impl/init.go:81.5,81.40 1 1
bburli/redis-stream-client-go/impl/init.go:81.40,84.6 2 0
bburli/redis-stream-client-go/impl/init.go:87.5,92.54 1 1
bburli/redis-stream-client-go/impl/init.go:92.54,94.7 1 1
bburli/redis-stream-client-go/impl/init.go:96.5,96.40 1 1
bburli/redis-stream-client-go/impl/init.go:96.40,98.6 1 0
bburli/redis-stream-client-go/impl/init.go:100.5,101.19 2 1
bburli/redis-stream-client-go/impl/init.go:101.19,104.6 2 0
bburli/redis-stream-client-go/impl/init.go:106.5,115.15 3 1
bburli/redis-stream-client-go/impl/init.go:115.15,116.10 1 1
bburli/redis-stream-client-go/impl/init.go:116.10,117.14 1 1
bburli/redis-stream-client-go/impl/init.go:118.25,120.14 2 1
bburli/redis-stream-client-go/impl/init.go:121.15,121.15 0 1
bburli/redis-stream-client-go/impl/init.go:124.7,124.47 1 1
bburli/redis-stream-client-go/impl/init.go:124.47,127.8 2 0
bburli/redis-stream-client-go/impl/init.go:129.7,131.35 2 1
bburli/redis-stream-client-go/impl/init.go:138.3,138.35 1 1
bburli/redis-stream-client-go/impl/relredis.go:44.132,49.34 3 1
bburli/redis-stream-client-go/impl/relredis.go:49.34,50.38 1 0
bburli/redis-stream-client-go/impl/relredis.go:53.2,55.22 2 1
bburli/redis-stream-client-go/impl/relredis.go:55.22,57.3 1 1
bburli/redis-stream-client-go/impl/relredis.go:57.8,59.3 1 0
bburli/redis-stream-client-go/impl/relredis.go:61.2,61.21 1 1
bburli/redis-stream-client-go/impl/relredis.go:61.21,64.3 1 0
bburli/redis-stream-client-go/impl/relredis.go:66.2,74.3 1 1
bburli/redis-stream-client-go/impl/relredis.go:83.118,85.52 1 1
bburli/redis-stream-client-go/impl/relredis.go:85.52,87.3 1 0
bburli/redis-stream-client-go/impl/relredis.go:89.2,95.34 4 1
bburli/redis-stream-client-go/impl/relredis.go:99.118,113.51 6 1
bburli/redis-stream-client-go/impl/relredis.go:113.51,115.4 1 1
bburli/redis-stream-client-go/impl/relredis.go:118.2,118.37 1 1
bburli/redis-stream-client-go/impl/relredis.go:118.37,120.3 1 0
bburli/redis-stream-client-go/impl/relredis.go:122.2,123.16 2 1
bburli/redis-stream-client-go/impl/relredis.go:123.16,125.3 1 0
bburli/redis-stream-client-go/impl/relredis.go:127.2,142.22 3 1
bburli/redis-stream-client-go/impl/relredis.go:142.22,144.3 1 0
bburli/redis-stream-client-go/impl/relredis.go:146.2,146.12 1 1
bburli/redis-stream-client-go/impl/relredis.go:150.88,152.9 2 1
bburli/redis-stream-client-go/impl/relredis.go:152.9,154.3 1 0
bburli/redis-stream-client-go/impl/relredis.go:157.2,159.81 3 1
bburli/redis-stream-client-go/impl/relredis.go:159.81,161.3 1 0
bburli/redis-stream-client-go/impl/relredis.go:164.2,165.22 2 1
bburli/redis-stream-client-go/impl/relredis.go:165.22,167.3 1 0
bburli/redis-stream-client-go/impl/relredis.go:170.2,171.22 2 1
bburli/redis-stream-client-go/impl/relredis.go:171.22,173.3 1 0
bburli/redis-stream-client-go/impl/relredis.go:176.2,176.8 1 1
bburli/redis-stream-client-go/impl/relredis.go:176.8,178.3 1 1
bburli/redis-stream-client-go/impl/relredis.go:180.2,180.12 1 1
bburli/redis-stream-client-go/impl/relredis.go:183.45,186.16 3 1
bburli/redis-stream-client-go/impl/relredis.go:186.16,188.3 1 0
bburli/redis-stream-client-go/impl/relredis.go:190.2,190.22 1 1
bburli/redis-stream-client-go/impl/relredis.go:190.23,191.3 0 1
